<?xml version="1.0" encoding="UTF-8"?>
<!-- Generated by org.testng.reporters.JUnitXMLReporter -->
<testsuite ignored="0" hostname="ARAVIND-HP" failures="0" tests="3" name="Default test" time="0.065" errors="0" timestamp="2023-03-15T14:31:02 MDT">
  <testcase classname="selprac.TestNGAnnotationsTest" name="test2" time="0.006"/>
  <testcase classname="selprac.TestNGAnnotationsTest" name="iamImportant" time="0.001"/>
  <testcase classname="selprac.TestNGAnnotationsTest" name="test1" time="0.001"/>
</testsuite> <!-- Default test -->
