<?xml version="1.0" encoding="UTF-8"?>
<testng-results ignored="0" total="3" passed="3" failed="0" skipped="0">
  <reporter-output>
  </reporter-output>
  <suite started-at="2023-03-15T14:31:02 MDT" name="Default suite" finished-at="2023-03-15T14:31:02 MDT" duration-ms="65">
    <groups>
      <group name="smoke">
        <method signature="TestNGAnnotationsTest.iamImportant()[pri:0, instance:selprac.TestNGAnnotationsTest@4686afc2]" name="iamImportant" class="selprac.TestNGAnnotationsTest"/>
      </group> <!-- smoke -->
      <group name="login">
        <method signature="TestNGAnnotationsTest.iamImportant()[pri:0, instance:selprac.TestNGAnnotationsTest@4686afc2]" name="iamImportant" class="selprac.TestNGAnnotationsTest"/>
      </group> <!-- login -->
    </groups>
    <test started-at="2023-03-15T14:31:02 MDT" name="Default test" finished-at="2023-03-15T14:31:02 MDT" duration-ms="65">
      <class name="selprac.TestNGAnnotationsTest">
        <test-method is-config="true" signature="beforeSuite()[pri:0, instance:selprac.TestNGAnnotationsTest@4686afc2]" started-at="2023-03-15T14:31:02 MDT" name="beforeSuite" finished-at="2023-03-15T14:31:02 MDT" duration-ms="9" status="PASS">
          <reporter-output>
          </reporter-output>
        </test-method> <!-- beforeSuite -->
        <test-method is-config="true" signature="beforeTest()[pri:0, instance:selprac.TestNGAnnotationsTest@4686afc2]" started-at="2023-03-15T14:31:02 MDT" name="beforeTest" finished-at="2023-03-15T14:31:02 MDT" duration-ms="0" status="PASS">
          <reporter-output>
          </reporter-output>
        </test-method> <!-- beforeTest -->
        <test-method is-config="true" signature="beforeClass()[pri:0, instance:selprac.TestNGAnnotationsTest@4686afc2]" started-at="2023-03-15T14:31:02 MDT" name="beforeClass" finished-at="2023-03-15T14:31:02 MDT" duration-ms="1" status="PASS">
          <reporter-output>
          </reporter-output>
        </test-method> <!-- beforeClass -->
        <test-method is-config="true" signature="setUp()[pri:0, instance:selprac.TestNGAnnotationsTest@4686afc2]" started-at="2023-03-15T14:31:02 MDT" name="setUp" finished-at="2023-03-15T14:31:02 MDT" duration-ms="1" status="PASS">
          <reporter-output>
          </reporter-output>
        </test-method> <!-- setUp -->
        <test-method signature="test2()[pri:-3, instance:selprac.TestNGAnnotationsTest@4686afc2]" started-at="2023-03-15T14:31:02 MDT" name="test2" finished-at="2023-03-15T14:31:02 MDT" duration-ms="6" status="PASS">
          <reporter-output>
          </reporter-output>
        </test-method> <!-- test2 -->
        <test-method is-config="true" signature="tearDown()[pri:0, instance:selprac.TestNGAnnotationsTest@4686afc2]" started-at="2023-03-15T14:31:02 MDT" name="tearDown" finished-at="2023-03-15T14:31:02 MDT" duration-ms="0" status="PASS">
          <reporter-output>
          </reporter-output>
        </test-method> <!-- tearDown -->
        <test-method is-config="true" signature="setUp()[pri:0, instance:selprac.TestNGAnnotationsTest@4686afc2]" started-at="2023-03-15T14:31:02 MDT" name="setUp" finished-at="2023-03-15T14:31:02 MDT" duration-ms="1" status="PASS">
          <reporter-output>
          </reporter-output>
        </test-method> <!-- setUp -->
        <test-method signature="iamImportant()[pri:0, instance:selprac.TestNGAnnotationsTest@4686afc2]" started-at="2023-03-15T14:31:02 MDT" name="iamImportant" finished-at="2023-03-15T14:31:02 MDT" duration-ms="1" status="PASS">
          <reporter-output>
          </reporter-output>
        </test-method> <!-- iamImportant -->
        <test-method is-config="true" signature="tearDown()[pri:0, instance:selprac.TestNGAnnotationsTest@4686afc2]" started-at="2023-03-15T14:31:02 MDT" name="tearDown" finished-at="2023-03-15T14:31:02 MDT" duration-ms="0" status="PASS">
          <reporter-output>
          </reporter-output>
        </test-method> <!-- tearDown -->
        <test-method is-config="true" signature="setUp()[pri:0, instance:selprac.TestNGAnnotationsTest@4686afc2]" started-at="2023-03-15T14:31:02 MDT" name="setUp" finished-at="2023-03-15T14:31:02 MDT" duration-ms="1" status="PASS">
          <reporter-output>
          </reporter-output>
        </test-method> <!-- setUp -->
        <test-method signature="test1()[pri:0, instance:selprac.TestNGAnnotationsTest@4686afc2]" started-at="2023-03-15T14:31:02 MDT" name="test1" finished-at="2023-03-15T14:31:02 MDT" depends-on-methods="selprac.TestNGAnnotationsTest.iamImportant" duration-ms="1" status="PASS">
          <reporter-output>
          </reporter-output>
        </test-method> <!-- test1 -->
        <test-method is-config="true" signature="tearDown()[pri:0, instance:selprac.TestNGAnnotationsTest@4686afc2]" started-at="2023-03-15T14:31:02 MDT" name="tearDown" finished-at="2023-03-15T14:31:02 MDT" duration-ms="1" status="PASS">
          <reporter-output>
          </reporter-output>
        </test-method> <!-- tearDown -->
        <test-method is-config="true" signature="afterClass()[pri:0, instance:selprac.TestNGAnnotationsTest@4686afc2]" started-at="2023-03-15T14:31:02 MDT" name="afterClass" finished-at="2023-03-15T14:31:02 MDT" duration-ms="2" status="PASS">
          <reporter-output>
          </reporter-output>
        </test-method> <!-- afterClass -->
        <test-method is-config="true" signature="afterSuite()[pri:0, instance:selprac.TestNGAnnotationsTest@4686afc2]" started-at="2023-03-15T14:31:02 MDT" name="afterSuite" finished-at="2023-03-15T14:31:02 MDT" duration-ms="0" status="PASS">
          <reporter-output>
          </reporter-output>
        </test-method> <!-- afterSuite -->
      </class> <!-- selprac.TestNGAnnotationsTest -->
    </test> <!-- Default test -->
  </suite> <!-- Default suite -->
</testng-results>
